  Building 'kulzlx' with toolset 'WindowsKernelModeDriver10.0' and the 'Desktop' target platform.
  driver.cpp
  hook.cpp
C:\Users\urhgte\Desktop\kernel\kernel-driver-PTE-HOOK-PIDDB-read-write-CleanAllTraces--main\kulzlx dirver\cleaner.h(61,46): warning C4996: 'ExAllocatePoolWithTag': ExAllocatePoolWithTag is deprecated, use ExAllocatePool2.
  (compiling source file 'driver.cpp')
  
C:\Users\urhgte\Desktop\kernel\kernel-driver-PTE-HOOK-PIDDB-read-write-CleanAllTraces--main\kulzlx dirver\cleaner.h(102,27): warning C4838: conversion from 'int' to 'char' requires a narrowing conversion
  (compiling source file 'driver.cpp')
  
C:\Users\urhgte\Desktop\kernel\kernel-driver-PTE-HOOK-PIDDB-read-write-CleanAllTraces--main\kulzlx dirver\cleaner.h(102,44): warning C4838: conversion from 'int' to 'char' requires a narrowing conversion
  (compiling source file 'driver.cpp')
  
C:\Users\urhgte\Desktop\kernel\kernel-driver-PTE-HOOK-PIDDB-read-write-CleanAllTraces--main\kulzlx dirver\cleaner.h(102,61): warning C4838: conversion from 'int' to 'char' requires a narrowing conversion
  (compiling source file 'driver.cpp')
  
C:\Users\urhgte\Desktop\kernel\kernel-driver-PTE-HOOK-PIDDB-read-write-CleanAllTraces--main\kulzlx dirver\cleaner.h(103,27): warning C4838: conversion from 'int' to 'char' requires a narrowing conversion
  (compiling source file 'driver.cpp')
  
C:\Users\urhgte\Desktop\kernel\kernel-driver-PTE-HOOK-PIDDB-read-write-CleanAllTraces--main\kulzlx dirver\cleaner.h(103,45): warning C4838: conversion from 'int' to 'char' requires a narrowing conversion
  (compiling source file 'driver.cpp')
  
C:\Users\urhgte\Desktop\kernel\kernel-driver-PTE-HOOK-PIDDB-read-write-CleanAllTraces--main\kulzlx dirver\cleaner.h(86,43): warning C4100: 'section': unreferenced parameter
  (compiling source file 'driver.cpp')
  
C:\Users\urhgte\Desktop\kernel\kernel-driver-PTE-HOOK-PIDDB-read-write-CleanAllTraces--main\kulzlx dirver\spoof_call.h(12,48): warning C4996: 'ExAllocatePoolWithTag': ExAllocatePoolWithTag is deprecated, use ExAllocatePool2.
  (compiling source file 'hook.cpp')
  
C:\Users\urhgte\Desktop\kernel\kernel-driver-PTE-HOOK-PIDDB-read-write-CleanAllTraces--main\kulzlx dirver\spoof_call.h(77,21): warning C4996: 'ExAllocatePoolWithTag': ExAllocatePoolWithTag is deprecated, use ExAllocatePool2.
  (compiling source file 'hook.cpp')
  
C:\Users\urhgte\Desktop\kernel\kernel-driver-PTE-HOOK-PIDDB-read-write-CleanAllTraces--main\kulzlx dirver\physical_memory.h(178,25): warning C4996: 'ExAllocatePoolWithTag': ExAllocatePoolWithTag is deprecated, use ExAllocatePool2.
  (compiling source file 'hook.cpp')
  
C:\Users\urhgte\Desktop\kernel\kernel-driver-PTE-HOOK-PIDDB-read-write-CleanAllTraces--main\kulzlx dirver\physical_memory.h(182,25): warning C4996: 'ExAllocatePoolWithTag': ExAllocatePoolWithTag is deprecated, use ExAllocatePool2.
  (compiling source file 'hook.cpp')
  
C:\Users\urhgte\Desktop\kernel\kernel-driver-PTE-HOOK-PIDDB-read-write-CleanAllTraces--main\kulzlx dirver\physical_memory.h(230,15): warning C4996: 'ExAllocatePoolWithTag': ExAllocatePoolWithTag is deprecated, use ExAllocatePool2.
  (compiling source file 'hook.cpp')
  
C:\Users\urhgte\Desktop\kernel\kernel-driver-PTE-HOOK-PIDDB-read-write-CleanAllTraces--main\kulzlx dirver\pte_hook.h(7,10): warning C4201: nonstandard extension used: nameless struct/union
  (compiling source file 'hook.cpp')
  
C:\Users\urhgte\Desktop\kernel\kernel-driver-PTE-HOOK-PIDDB-read-write-CleanAllTraces--main\kulzlx dirver\pte_hook.h(48,48): warning C4996: 'ExAllocatePoolWithTag': ExAllocatePoolWithTag is deprecated, use ExAllocatePool2.
  (compiling source file 'hook.cpp')
  
C:\Users\urhgte\Desktop\kernel\kernel-driver-PTE-HOOK-PIDDB-read-write-CleanAllTraces--main\kulzlx dirver\mouse.h(10,12): warning C4201: nonstandard extension used: nameless struct/union
  (compiling source file 'hook.cpp')
  
C:\Users\urhgte\Desktop\kernel\kernel-driver-PTE-HOOK-PIDDB-read-write-CleanAllTraces--main\kulzlx dirver\mouse.h(44,30): warning C4838: conversion from 'int' to 'char' requires a narrowing conversion
  (compiling source file 'hook.cpp')
  
C:\Users\urhgte\Desktop\kernel\kernel-driver-PTE-HOOK-PIDDB-read-write-CleanAllTraces--main\kulzlx dirver\mouse.h(44,47): warning C4838: conversion from 'int' to 'char' requires a narrowing conversion
  (compiling source file 'hook.cpp')
  
C:\Users\urhgte\Desktop\kernel\kernel-driver-PTE-HOOK-PIDDB-read-write-CleanAllTraces--main\kulzlx dirver\mouse.h(44,64): warning C4838: conversion from 'int' to 'char' requires a narrowing conversion
  (compiling source file 'hook.cpp')
  
C:\Users\urhgte\Desktop\kernel\kernel-driver-PTE-HOOK-PIDDB-read-write-CleanAllTraces--main\kulzlx dirver\mouse.h(44,81): warning C4838: conversion from 'int' to 'char' requires a narrowing conversion
  (compiling source file 'hook.cpp')
  
C:\Users\urhgte\Desktop\kernel\kernel-driver-PTE-HOOK-PIDDB-read-write-CleanAllTraces--main\kulzlx dirver\mouse.h(45,30): warning C4838: conversion from 'int' to 'char' requires a narrowing conversion
  (compiling source file 'hook.cpp')
  
C:\Users\urhgte\Desktop\kernel\kernel-driver-PTE-HOOK-PIDDB-read-write-CleanAllTraces--main\kulzlx dirver\mouse.h(45,47): warning C4838: conversion from 'int' to 'char' requires a narrowing conversion
  (compiling source file 'hook.cpp')
  
C:\Users\urhgte\Desktop\kernel\kernel-driver-PTE-HOOK-PIDDB-read-write-CleanAllTraces--main\kulzlx dirver\mouse.h(45,64): warning C4838: conversion from 'int' to 'char' requires a narrowing conversion
  (compiling source file 'hook.cpp')
  
C:\Users\urhgte\Desktop\kernel\kernel-driver-PTE-HOOK-PIDDB-read-write-CleanAllTraces--main\kulzlx dirver\mouse.h(45,81): warning C4838: conversion from 'int' to 'char' requires a narrowing conversion
  (compiling source file 'hook.cpp')
  
C:\Users\urhgte\Desktop\kernel\kernel-driver-PTE-HOOK-PIDDB-read-write-CleanAllTraces--main\kulzlx dirver\mouse.h(46,30): warning C4838: conversion from 'int' to 'char' requires a narrowing conversion
  (compiling source file 'hook.cpp')
  
C:\Users\urhgte\Desktop\kernel\kernel-driver-PTE-HOOK-PIDDB-read-write-CleanAllTraces--main\kulzlx dirver\mouse.h(46,47): warning C4838: conversion from 'int' to 'char' requires a narrowing conversion
  (compiling source file 'hook.cpp')
  
C:\Users\urhgte\Desktop\kernel\kernel-driver-PTE-HOOK-PIDDB-read-write-CleanAllTraces--main\kulzlx dirver\mouse.h(46,64): warning C4838: conversion from 'int' to 'char' requires a narrowing conversion
  (compiling source file 'hook.cpp')
  
C:\Users\urhgte\Desktop\kernel\kernel-driver-PTE-HOOK-PIDDB-read-write-CleanAllTraces--main\kulzlx dirver\mouse.h(46,81): warning C4838: conversion from 'int' to 'char' requires a narrowing conversion
  (compiling source file 'hook.cpp')
  
C:\Users\urhgte\Desktop\kernel\kernel-driver-PTE-HOOK-PIDDB-read-write-CleanAllTraces--main\kulzlx dirver\mouse.h(46,99): warning C4838: conversion from 'int' to 'char' requires a narrowing conversion
  (compiling source file 'hook.cpp')
  
C:\Users\urhgte\Desktop\kernel\kernel-driver-PTE-HOOK-PIDDB-read-write-CleanAllTraces--main\kulzlx dirver\mouse.h(47,27): warning C4838: conversion from 'int' to 'char' requires a narrowing conversion
  (compiling source file 'hook.cpp')
  
C:\Users\urhgte\Desktop\kernel\kernel-driver-PTE-HOOK-PIDDB-read-write-CleanAllTraces--main\kulzlx dirver\mouse.h(47,44): warning C4838: conversion from 'int' to 'char' requires a narrowing conversion
  (compiling source file 'hook.cpp')
  
C:\Users\urhgte\Desktop\kernel\kernel-driver-PTE-HOOK-PIDDB-read-write-CleanAllTraces--main\kulzlx dirver\mouse.h(47,61): warning C4838: conversion from 'int' to 'char' requires a narrowing conversion
  (compiling source file 'hook.cpp')
  
C:\Users\urhgte\Desktop\kernel\kernel-driver-PTE-HOOK-PIDDB-read-write-CleanAllTraces--main\kulzlx dirver\mouse.h(47,78): warning C4838: conversion from 'int' to 'char' requires a narrowing conversion
  (compiling source file 'hook.cpp')
  
C:\Users\urhgte\Desktop\kernel\kernel-driver-PTE-HOOK-PIDDB-read-write-CleanAllTraces--main\kulzlx dirver\mouse.h(48,27): warning C4838: conversion from 'int' to 'char' requires a narrowing conversion
  (compiling source file 'hook.cpp')
  
C:\Users\urhgte\Desktop\kernel\kernel-driver-PTE-HOOK-PIDDB-read-write-CleanAllTraces--main\kulzlx dirver\mouse.h(48,44): warning C4838: conversion from 'int' to 'char' requires a narrowing conversion
  (compiling source file 'hook.cpp')
  
C:\Users\urhgte\Desktop\kernel\kernel-driver-PTE-HOOK-PIDDB-read-write-CleanAllTraces--main\kulzlx dirver\mouse.h(48,61): warning C4838: conversion from 'int' to 'char' requires a narrowing conversion
  (compiling source file 'hook.cpp')
  
C:\Users\urhgte\Desktop\kernel\kernel-driver-PTE-HOOK-PIDDB-read-write-CleanAllTraces--main\kulzlx dirver\mouse.h(48,78): warning C4838: conversion from 'int' to 'char' requires a narrowing conversion
  (compiling source file 'hook.cpp')
  
C:\Users\urhgte\Desktop\kernel\kernel-driver-PTE-HOOK-PIDDB-read-write-CleanAllTraces--main\kulzlx dirver\mouse.h(49,27): warning C4838: conversion from 'int' to 'char' requires a narrowing conversion
  (compiling source file 'hook.cpp')
  
C:\Users\urhgte\Desktop\kernel\kernel-driver-PTE-HOOK-PIDDB-read-write-CleanAllTraces--main\kulzlx dirver\mouse.h(49,44): warning C4838: conversion from 'int' to 'char' requires a narrowing conversion
  (compiling source file 'hook.cpp')
  
C:\Users\urhgte\Desktop\kernel\kernel-driver-PTE-HOOK-PIDDB-read-write-CleanAllTraces--main\kulzlx dirver\mouse.h(49,61): warning C4838: conversion from 'int' to 'char' requires a narrowing conversion
  (compiling source file 'hook.cpp')
  
C:\Users\urhgte\Desktop\kernel\kernel-driver-PTE-HOOK-PIDDB-read-write-CleanAllTraces--main\kulzlx dirver\mouse.h(49,78): warning C4838: conversion from 'int' to 'char' requires a narrowing conversion
  (compiling source file 'hook.cpp')
  
C:\Users\urhgte\Desktop\kernel\kernel-driver-PTE-HOOK-PIDDB-read-write-CleanAllTraces--main\kulzlx dirver\mouse.h(50,27): warning C4838: conversion from 'int' to 'char' requires a narrowing conversion
  (compiling source file 'hook.cpp')
  
C:\Users\urhgte\Desktop\kernel\kernel-driver-PTE-HOOK-PIDDB-read-write-CleanAllTraces--main\kulzlx dirver\mouse.h(50,44): warning C4838: conversion from 'int' to 'char' requires a narrowing conversion
  (compiling source file 'hook.cpp')
  
C:\Users\urhgte\Desktop\kernel\kernel-driver-PTE-HOOK-PIDDB-read-write-CleanAllTraces--main\kulzlx dirver\mouse.h(50,61): warning C4838: conversion from 'int' to 'char' requires a narrowing conversion
  (compiling source file 'hook.cpp')
  
C:\Users\urhgte\Desktop\kernel\kernel-driver-PTE-HOOK-PIDDB-read-write-CleanAllTraces--main\kulzlx dirver\mouse.h(50,78): warning C4838: conversion from 'int' to 'char' requires a narrowing conversion
  (compiling source file 'hook.cpp')
  
C:\Users\urhgte\Desktop\kernel\kernel-driver-PTE-HOOK-PIDDB-read-write-CleanAllTraces--main\kulzlx dirver\mouse.h(51,27): warning C4838: conversion from 'int' to 'char' requires a narrowing conversion
  (compiling source file 'hook.cpp')
  
C:\Users\urhgte\Desktop\kernel\kernel-driver-PTE-HOOK-PIDDB-read-write-CleanAllTraces--main\kulzlx dirver\mouse.h(51,44): warning C4838: conversion from 'int' to 'char' requires a narrowing conversion
  (compiling source file 'hook.cpp')
  
C:\Users\urhgte\Desktop\kernel\kernel-driver-PTE-HOOK-PIDDB-read-write-CleanAllTraces--main\kulzlx dirver\mouse.h(51,61): warning C4838: conversion from 'int' to 'char' requires a narrowing conversion
  (compiling source file 'hook.cpp')
  
C:\Users\urhgte\Desktop\kernel\kernel-driver-PTE-HOOK-PIDDB-read-write-CleanAllTraces--main\kulzlx dirver\mouse.h(51,78): warning C4838: conversion from 'int' to 'char' requires a narrowing conversion
  (compiling source file 'hook.cpp')
  
C:\Users\urhgte\Desktop\kernel\kernel-driver-PTE-HOOK-PIDDB-read-write-CleanAllTraces--main\kulzlx dirver\mouse.h(52,27): warning C4838: conversion from 'int' to 'char' requires a narrowing conversion
  (compiling source file 'hook.cpp')
  
C:\Users\urhgte\Desktop\kernel\kernel-driver-PTE-HOOK-PIDDB-read-write-CleanAllTraces--main\kulzlx dirver\mouse.h(52,44): warning C4838: conversion from 'int' to 'char' requires a narrowing conversion
  (compiling source file 'hook.cpp')
  
C:\Users\urhgte\Desktop\kernel\kernel-driver-PTE-HOOK-PIDDB-read-write-CleanAllTraces--main\kulzlx dirver\mouse.h(52,61): warning C4838: conversion from 'int' to 'char' requires a narrowing conversion
  (compiling source file 'hook.cpp')
  
C:\Users\urhgte\Desktop\kernel\kernel-driver-PTE-HOOK-PIDDB-read-write-CleanAllTraces--main\kulzlx dirver\mouse.h(52,79): warning C4838: conversion from 'int' to 'char' requires a narrowing conversion
  (compiling source file 'hook.cpp')
  
C:\Users\urhgte\Desktop\kernel\kernel-driver-PTE-HOOK-PIDDB-read-write-CleanAllTraces--main\kulzlx dirver\mouse.h(53,27): warning C4838: conversion from 'int' to 'char' requires a narrowing conversion
  (compiling source file 'hook.cpp')
  
C:\Users\urhgte\Desktop\kernel\kernel-driver-PTE-HOOK-PIDDB-read-write-CleanAllTraces--main\kulzlx dirver\mouse.h(53,44): warning C4838: conversion from 'int' to 'char' requires a narrowing conversion
  (compiling source file 'hook.cpp')
  
C:\Users\urhgte\Desktop\kernel\kernel-driver-PTE-HOOK-PIDDB-read-write-CleanAllTraces--main\kulzlx dirver\mouse.h(53,61): warning C4838: conversion from 'int' to 'char' requires a narrowing conversion
  (compiling source file 'hook.cpp')
  
C:\Users\urhgte\Desktop\kernel\kernel-driver-PTE-HOOK-PIDDB-read-write-CleanAllTraces--main\kulzlx dirver\mouse.h(53,78): warning C4838: conversion from 'int' to 'char' requires a narrowing conversion
  (compiling source file 'hook.cpp')
  
C:\Users\urhgte\Desktop\kernel\kernel-driver-PTE-HOOK-PIDDB-read-write-CleanAllTraces--main\kulzlx dirver\mouse.h(54,27): warning C4838: conversion from 'int' to 'char' requires a narrowing conversion
  (compiling source file 'hook.cpp')
  
C:\Users\urhgte\Desktop\kernel\kernel-driver-PTE-HOOK-PIDDB-read-write-CleanAllTraces--main\kulzlx dirver\mouse.h(54,44): warning C4838: conversion from 'int' to 'char' requires a narrowing conversion
  (compiling source file 'hook.cpp')
  
C:\Users\urhgte\Desktop\kernel\kernel-driver-PTE-HOOK-PIDDB-read-write-CleanAllTraces--main\kulzlx dirver\mouse.h(54,61): warning C4838: conversion from 'int' to 'char' requires a narrowing conversion
  (compiling source file 'hook.cpp')
  
C:\Users\urhgte\Desktop\kernel\kernel-driver-PTE-HOOK-PIDDB-read-write-CleanAllTraces--main\kulzlx dirver\mouse.h(54,78): warning C4838: conversion from 'int' to 'char' requires a narrowing conversion
  (compiling source file 'hook.cpp')
  
C:\Users\urhgte\Desktop\kernel\kernel-driver-PTE-HOOK-PIDDB-read-write-CleanAllTraces--main\kulzlx dirver\mouse.h(55,27): warning C4838: conversion from 'int' to 'char' requires a narrowing conversion
  (compiling source file 'hook.cpp')
  
C:\Users\urhgte\Desktop\kernel\kernel-driver-PTE-HOOK-PIDDB-read-write-CleanAllTraces--main\kulzlx dirver\mouse.h(55,44): warning C4838: conversion from 'int' to 'char' requires a narrowing conversion
  (compiling source file 'hook.cpp')
  
C:\Users\urhgte\Desktop\kernel\kernel-driver-PTE-HOOK-PIDDB-read-write-CleanAllTraces--main\kulzlx dirver\mouse.h(55,61): warning C4838: conversion from 'int' to 'char' requires a narrowing conversion
  (compiling source file 'hook.cpp')
  
C:\Users\urhgte\Desktop\kernel\kernel-driver-PTE-HOOK-PIDDB-read-write-CleanAllTraces--main\kulzlx dirver\mouse.h(55,78): warning C4838: conversion from 'int' to 'char' requires a narrowing conversion
  (compiling source file 'hook.cpp')
  
C:\Users\urhgte\Desktop\kernel\kernel-driver-PTE-HOOK-PIDDB-read-write-CleanAllTraces--main\kulzlx dirver\mouse.h(56,27): warning C4838: conversion from 'int' to 'char' requires a narrowing conversion
  (compiling source file 'hook.cpp')
  
C:\Users\urhgte\Desktop\kernel\kernel-driver-PTE-HOOK-PIDDB-read-write-CleanAllTraces--main\kulzlx dirver\mouse.h(56,44): warning C4838: conversion from 'int' to 'char' requires a narrowing conversion
  (compiling source file 'hook.cpp')
  
C:\Users\urhgte\Desktop\kernel\kernel-driver-PTE-HOOK-PIDDB-read-write-CleanAllTraces--main\kulzlx dirver\mouse.h(56,61): warning C4838: conversion from 'int' to 'char' requires a narrowing conversion
  (compiling source file 'hook.cpp')
  
C:\Users\urhgte\Desktop\kernel\kernel-driver-PTE-HOOK-PIDDB-read-write-CleanAllTraces--main\kulzlx dirver\mouse.h(56,78): warning C4838: conversion from 'int' to 'char' requires a narrowing conversion
  (compiling source file 'hook.cpp')
  
C:\Users\urhgte\Desktop\kernel\kernel-driver-PTE-HOOK-PIDDB-read-write-CleanAllTraces--main\kulzlx dirver\mouse.h(57,27): warning C4838: conversion from 'int' to 'char' requires a narrowing conversion
  (compiling source file 'hook.cpp')
  
C:\Users\urhgte\Desktop\kernel\kernel-driver-PTE-HOOK-PIDDB-read-write-CleanAllTraces--main\kulzlx dirver\mouse.h(57,44): warning C4838: conversion from 'int' to 'char' requires a narrowing conversion
  (compiling source file 'hook.cpp')
  
C:\Users\urhgte\Desktop\kernel\kernel-driver-PTE-HOOK-PIDDB-read-write-CleanAllTraces--main\kulzlx dirver\mouse.h(57,62): warning C4838: conversion from 'int' to 'char' requires a narrowing conversion
  (compiling source file 'hook.cpp')
  
C:\Users\urhgte\Desktop\kernel\kernel-driver-PTE-HOOK-PIDDB-read-write-CleanAllTraces--main\kulzlx dirver\mouse.h(69,31): warning C4838: conversion from 'int' to 'char' requires a narrowing conversion
  (compiling source file 'hook.cpp')
  
C:\Users\urhgte\Desktop\kernel\kernel-driver-PTE-HOOK-PIDDB-read-write-CleanAllTraces--main\kulzlx dirver\mouse.h(69,48): warning C4838: conversion from 'int' to 'char' requires a narrowing conversion
  (compiling source file 'hook.cpp')
  
C:\Users\urhgte\Desktop\kernel\kernel-driver-PTE-HOOK-PIDDB-read-write-CleanAllTraces--main\kulzlx dirver\mouse.h(69,65): warning C4838: conversion from 'int' to 'char' requires a narrowing conversion
  (compiling source file 'hook.cpp')
  
C:\Users\urhgte\Desktop\kernel\kernel-driver-PTE-HOOK-PIDDB-read-write-CleanAllTraces--main\kulzlx dirver\mouse.h(69,82): warning C4838: conversion from 'int' to 'char' requires a narrowing conversion
  (compiling source file 'hook.cpp')
  
C:\Users\urhgte\Desktop\kernel\kernel-driver-PTE-HOOK-PIDDB-read-write-CleanAllTraces--main\kulzlx dirver\mouse.h(70,30): warning C4838: conversion from 'int' to 'char' requires a narrowing conversion
  (compiling source file 'hook.cpp')
  
C:\Users\urhgte\Desktop\kernel\kernel-driver-PTE-HOOK-PIDDB-read-write-CleanAllTraces--main\kulzlx dirver\mouse.h(70,47): warning C4838: conversion from 'int' to 'char' requires a narrowing conversion
  (compiling source file 'hook.cpp')
  
C:\Users\urhgte\Desktop\kernel\kernel-driver-PTE-HOOK-PIDDB-read-write-CleanAllTraces--main\kulzlx dirver\mouse.h(70,64): warning C4838: conversion from 'int' to 'char' requires a narrowing conversion
  (compiling source file 'hook.cpp')
  
C:\Users\urhgte\Desktop\kernel\kernel-driver-PTE-HOOK-PIDDB-read-write-CleanAllTraces--main\kulzlx dirver\mouse.h(70,82): warning C4838: conversion from 'int' to 'char' requires a narrowing conversion
  (compiling source file 'hook.cpp')
  
C:\Users\urhgte\Desktop\kernel\kernel-driver-PTE-HOOK-PIDDB-read-write-CleanAllTraces--main\kulzlx dirver\mouse.h(71,30): warning C4838: conversion from 'int' to 'char' requires a narrowing conversion
  (compiling source file 'hook.cpp')
  
C:\Users\urhgte\Desktop\kernel\kernel-driver-PTE-HOOK-PIDDB-read-write-CleanAllTraces--main\kulzlx dirver\mouse.h(71,47): warning C4838: conversion from 'int' to 'char' requires a narrowing conversion
  (compiling source file 'hook.cpp')
  
C:\Users\urhgte\Desktop\kernel\kernel-driver-PTE-HOOK-PIDDB-read-write-CleanAllTraces--main\kulzlx dirver\mouse.h(71,64): warning C4838: conversion from 'int' to 'char' requires a narrowing conversion
  (compiling source file 'hook.cpp')
  
C:\Users\urhgte\Desktop\kernel\kernel-driver-PTE-HOOK-PIDDB-read-write-CleanAllTraces--main\kulzlx dirver\mouse.h(71,81): warning C4838: conversion from 'int' to 'char' requires a narrowing conversion
  (compiling source file 'hook.cpp')
  
C:\Users\urhgte\Desktop\kernel\kernel-driver-PTE-HOOK-PIDDB-read-write-CleanAllTraces--main\kulzlx dirver\mouse.h(72,30): warning C4838: conversion from 'int' to 'char' requires a narrowing conversion
  (compiling source file 'hook.cpp')
  
C:\Users\urhgte\Desktop\kernel\kernel-driver-PTE-HOOK-PIDDB-read-write-CleanAllTraces--main\kulzlx dirver\mouse.h(72,47): warning C4838: conversion from 'int' to 'char' requires a narrowing conversion
  (compiling source file 'hook.cpp')
  
C:\Users\urhgte\Desktop\kernel\kernel-driver-PTE-HOOK-PIDDB-read-write-CleanAllTraces--main\kulzlx dirver\mouse.h(72,64): warning C4838: conversion from 'int' to 'char' requires a narrowing conversion
  (compiling source file 'hook.cpp')
  
C:\Users\urhgte\Desktop\kernel\kernel-driver-PTE-HOOK-PIDDB-read-write-CleanAllTraces--main\kulzlx dirver\mouse.h(72,81): warning C4838: conversion from 'int' to 'char' requires a narrowing conversion
  (compiling source file 'hook.cpp')
  
C:\Users\urhgte\Desktop\kernel\kernel-driver-PTE-HOOK-PIDDB-read-write-CleanAllTraces--main\kulzlx dirver\mouse.h(73,31): warning C4838: conversion from 'int' to 'char' requires a narrowing conversion
  (compiling source file 'hook.cpp')
  
C:\Users\urhgte\Desktop\kernel\kernel-driver-PTE-HOOK-PIDDB-read-write-CleanAllTraces--main\kulzlx dirver\mouse.h(74,29): warning C4838: conversion from 'int' to 'char' requires a narrowing conversion
  (compiling source file 'hook.cpp')
  
C:\Users\urhgte\Desktop\kernel\kernel-driver-PTE-HOOK-PIDDB-read-write-CleanAllTraces--main\kulzlx dirver\mouse.h(74,46): warning C4838: conversion from 'int' to 'char' requires a narrowing conversion
  (compiling source file 'hook.cpp')
  
C:\Users\urhgte\Desktop\kernel\kernel-driver-PTE-HOOK-PIDDB-read-write-CleanAllTraces--main\kulzlx dirver\mouse.h(74,63): warning C4838: conversion from 'int' to 'char' requires a narrowing conversion
  (compiling source file 'hook.cpp')
  
C:\Users\urhgte\Desktop\kernel\kernel-driver-PTE-HOOK-PIDDB-read-write-CleanAllTraces--main\kulzlx dirver\mouse.h(74,80): warning C4838: conversion from 'int' to 'char' requires a narrowing conversion
  (compiling source file 'hook.cpp')
  
C:\Users\urhgte\Desktop\kernel\kernel-driver-PTE-HOOK-PIDDB-read-write-CleanAllTraces--main\kulzlx dirver\mouse.h(75,28): warning C4838: conversion from 'int' to 'char' requires a narrowing conversion
  (compiling source file 'hook.cpp')
  
C:\Users\urhgte\Desktop\kernel\kernel-driver-PTE-HOOK-PIDDB-read-write-CleanAllTraces--main\kulzlx dirver\mouse.h(75,45): warning C4838: conversion from 'int' to 'char' requires a narrowing conversion
  (compiling source file 'hook.cpp')
  
C:\Users\urhgte\Desktop\kernel\kernel-driver-PTE-HOOK-PIDDB-read-write-CleanAllTraces--main\kulzlx dirver\mouse.h(75,62): warning C4838: conversion from 'int' to 'char' requires a narrowing conversion
  (compiling source file 'hook.cpp')
  
C:\Users\urhgte\Desktop\kernel\kernel-driver-PTE-HOOK-PIDDB-read-write-CleanAllTraces--main\kulzlx dirver\mouse.h(75,80): warning C4838: conversion from 'int' to 'char' requires a narrowing conversion
  (compiling source file 'hook.cpp')
  
C:\Users\urhgte\Desktop\kernel\kernel-driver-PTE-HOOK-PIDDB-read-write-CleanAllTraces--main\kulzlx dirver\mouse.h(76,28): warning C4838: conversion from 'int' to 'char' requires a narrowing conversion
  (compiling source file 'hook.cpp')
  
C:\Users\urhgte\Desktop\kernel\kernel-driver-PTE-HOOK-PIDDB-read-write-CleanAllTraces--main\kulzlx dirver\mouse.h(76,45): warning C4838: conversion from 'int' to 'char' requires a narrowing conversion
  (compiling source file 'hook.cpp')
  
C:\Users\urhgte\Desktop\kernel\kernel-driver-PTE-HOOK-PIDDB-read-write-CleanAllTraces--main\kulzlx dirver\mouse.h(76,62): warning C4838: conversion from 'int' to 'char' requires a narrowing conversion
  (compiling source file 'hook.cpp')
  
C:\Users\urhgte\Desktop\kernel\kernel-driver-PTE-HOOK-PIDDB-read-write-CleanAllTraces--main\kulzlx dirver\mouse.h(76,79): warning C4838: conversion from 'int' to 'char' requires a narrowing conversion
  (compiling source file 'hook.cpp')
  
C:\Users\urhgte\Desktop\kernel\kernel-driver-PTE-HOOK-PIDDB-read-write-CleanAllTraces--main\kulzlx dirver\mouse.h(77,28): warning C4838: conversion from 'int' to 'char' requires a narrowing conversion
  (compiling source file 'hook.cpp')
  
C:\Users\urhgte\Desktop\kernel\kernel-driver-PTE-HOOK-PIDDB-read-write-CleanAllTraces--main\kulzlx dirver\mouse.h(77,45): warning C4838: conversion from 'int' to 'char' requires a narrowing conversion
  (compiling source file 'hook.cpp')
  
C:\Users\urhgte\Desktop\kernel\kernel-driver-PTE-HOOK-PIDDB-read-write-CleanAllTraces--main\kulzlx dirver\mouse.h(77,63): warning C4838: conversion from 'int' to 'char' requires a narrowing conversion
  (compiling source file 'hook.cpp')
  
C:\Users\urhgte\Desktop\kernel\kernel-driver-PTE-HOOK-PIDDB-read-write-CleanAllTraces--main\kulzlx dirver\hook.cpp(12,27): warning C4838: conversion from 'int' to 'char' requires a narrowing conversion
C:\Users\urhgte\Desktop\kernel\kernel-driver-PTE-HOOK-PIDDB-read-write-CleanAllTraces--main\kulzlx dirver\hook.cpp(12,44): warning C4838: conversion from 'int' to 'char' requires a narrowing conversion
C:\Users\urhgte\Desktop\kernel\kernel-driver-PTE-HOOK-PIDDB-read-write-CleanAllTraces--main\kulzlx dirver\hook.cpp(12,61): warning C4838: conversion from 'int' to 'char' requires a narrowing conversion
C:\Users\urhgte\Desktop\kernel\kernel-driver-PTE-HOOK-PIDDB-read-write-CleanAllTraces--main\kulzlx dirver\hook.cpp(13,27): warning C4838: conversion from 'int' to 'char' requires a narrowing conversion
C:\Users\urhgte\Desktop\kernel\kernel-driver-PTE-HOOK-PIDDB-read-write-CleanAllTraces--main\kulzlx dirver\hook.cpp(13,44): warning C4838: conversion from 'int' to 'char' requires a narrowing conversion
C:\Users\urhgte\Desktop\kernel\kernel-driver-PTE-HOOK-PIDDB-read-write-CleanAllTraces--main\kulzlx dirver\hook.cpp(13,61): warning C4838: conversion from 'int' to 'char' requires a narrowing conversion
C:\Users\urhgte\Desktop\kernel\kernel-driver-PTE-HOOK-PIDDB-read-write-CleanAllTraces--main\kulzlx dirver\hook.cpp(14,27): warning C4838: conversion from 'int' to 'char' requires a narrowing conversion
C:\Users\urhgte\Desktop\kernel\kernel-driver-PTE-HOOK-PIDDB-read-write-CleanAllTraces--main\kulzlx dirver\hook.cpp(14,44): warning C4838: conversion from 'int' to 'char' requires a narrowing conversion
C:\Users\urhgte\Desktop\kernel\kernel-driver-PTE-HOOK-PIDDB-read-write-CleanAllTraces--main\kulzlx dirver\hook.cpp(14,61): warning C4838: conversion from 'int' to 'char' requires a narrowing conversion
C:\Users\urhgte\Desktop\kernel\kernel-driver-PTE-HOOK-PIDDB-read-write-CleanAllTraces--main\kulzlx dirver\hook.cpp(15,27): warning C4838: conversion from 'int' to 'char' requires a narrowing conversion
C:\Users\urhgte\Desktop\kernel\kernel-driver-PTE-HOOK-PIDDB-read-write-CleanAllTraces--main\kulzlx dirver\hook.cpp(15,44): warning C4838: conversion from 'int' to 'char' requires a narrowing conversion
C:\Users\urhgte\Desktop\kernel\kernel-driver-PTE-HOOK-PIDDB-read-write-CleanAllTraces--main\kulzlx dirver\hook.cpp(15,62): warning C4838: conversion from 'int' to 'char' requires a narrowing conversion
C:\Users\urhgte\Desktop\kernel\kernel-driver-PTE-HOOK-PIDDB-read-write-CleanAllTraces--main\kulzlx dirver\hook.cpp(17,11): warning C4838: conversion from 'int' to 'char' requires a narrowing conversion
C:\Users\urhgte\Desktop\kernel\kernel-driver-PTE-HOOK-PIDDB-read-write-CleanAllTraces--main\kulzlx dirver\hook.cpp(17,28): warning C4838: conversion from 'int' to 'char' requires a narrowing conversion
C:\Users\urhgte\Desktop\kernel\kernel-driver-PTE-HOOK-PIDDB-read-write-CleanAllTraces--main\kulzlx dirver\hook.cpp(17,45): warning C4838: conversion from 'int' to 'char' requires a narrowing conversion
C:\Users\urhgte\Desktop\kernel\kernel-driver-PTE-HOOK-PIDDB-read-write-CleanAllTraces--main\kulzlx dirver\hook.cpp(17,62): warning C4838: conversion from 'int' to 'char' requires a narrowing conversion
C:\Users\urhgte\Desktop\kernel\kernel-driver-PTE-HOOK-PIDDB-read-write-CleanAllTraces--main\kulzlx dirver\hook.cpp(17,79): warning C4838: conversion from 'int' to 'char' requires a narrowing conversion
C:\Users\urhgte\Desktop\kernel\kernel-driver-PTE-HOOK-PIDDB-read-write-CleanAllTraces--main\kulzlx dirver\hook.cpp(18,11): warning C4838: conversion from 'int' to 'char' requires a narrowing conversion
C:\Users\urhgte\Desktop\kernel\kernel-driver-PTE-HOOK-PIDDB-read-write-CleanAllTraces--main\kulzlx dirver\hook.cpp(18,28): warning C4838: conversion from 'int' to 'char' requires a narrowing conversion
C:\Users\urhgte\Desktop\kernel\kernel-driver-PTE-HOOK-PIDDB-read-write-CleanAllTraces--main\kulzlx dirver\hook.cpp(18,45): warning C4838: conversion from 'int' to 'char' requires a narrowing conversion
C:\Users\urhgte\Desktop\kernel\kernel-driver-PTE-HOOK-PIDDB-read-write-CleanAllTraces--main\kulzlx dirver\hook.cpp(18,62): warning C4838: conversion from 'int' to 'char' requires a narrowing conversion
C:\Users\urhgte\Desktop\kernel\kernel-driver-PTE-HOOK-PIDDB-read-write-CleanAllTraces--main\kulzlx dirver\hook.cpp(18,79): warning C4838: conversion from 'int' to 'char' requires a narrowing conversion
C:\Users\urhgte\Desktop\kernel\kernel-driver-PTE-HOOK-PIDDB-read-write-CleanAllTraces--main\kulzlx dirver\hook.cpp(19,11): warning C4838: conversion from 'int' to 'char' requires a narrowing conversion
C:\Users\urhgte\Desktop\kernel\kernel-driver-PTE-HOOK-PIDDB-read-write-CleanAllTraces--main\kulzlx dirver\hook.cpp(19,28): warning C4838: conversion from 'int' to 'char' requires a narrowing conversion
C:\Users\urhgte\Desktop\kernel\kernel-driver-PTE-HOOK-PIDDB-read-write-CleanAllTraces--main\kulzlx dirver\hook.cpp(19,45): warning C4838: conversion from 'int' to 'char' requires a narrowing conversion
C:\Users\urhgte\Desktop\kernel\kernel-driver-PTE-HOOK-PIDDB-read-write-CleanAllTraces--main\kulzlx dirver\hook.cpp(19,62): warning C4838: conversion from 'int' to 'char' requires a narrowing conversion
C:\Users\urhgte\Desktop\kernel\kernel-driver-PTE-HOOK-PIDDB-read-write-CleanAllTraces--main\kulzlx dirver\hook.cpp(19,79): warning C4838: conversion from 'int' to 'char' requires a narrowing conversion
C:\Users\urhgte\Desktop\kernel\kernel-driver-PTE-HOOK-PIDDB-read-write-CleanAllTraces--main\kulzlx dirver\hook.cpp(20,11): warning C4838: conversion from 'int' to 'char' requires a narrowing conversion
C:\Users\urhgte\Desktop\kernel\kernel-driver-PTE-HOOK-PIDDB-read-write-CleanAllTraces--main\kulzlx dirver\hook.cpp(20,28): warning C4838: conversion from 'int' to 'char' requires a narrowing conversion
C:\Users\urhgte\Desktop\kernel\kernel-driver-PTE-HOOK-PIDDB-read-write-CleanAllTraces--main\kulzlx dirver\hook.cpp(20,45): warning C4838: conversion from 'int' to 'char' requires a narrowing conversion
C:\Users\urhgte\Desktop\kernel\kernel-driver-PTE-HOOK-PIDDB-read-write-CleanAllTraces--main\kulzlx dirver\hook.cpp(20,62): warning C4838: conversion from 'int' to 'char' requires a narrowing conversion
C:\Users\urhgte\Desktop\kernel\kernel-driver-PTE-HOOK-PIDDB-read-write-CleanAllTraces--main\kulzlx dirver\hook.cpp(20,79): warning C4838: conversion from 'int' to 'char' requires a narrowing conversion
C:\Users\urhgte\Desktop\kernel\kernel-driver-PTE-HOOK-PIDDB-read-write-CleanAllTraces--main\kulzlx dirver\hook.cpp(21,11): warning C4838: conversion from 'int' to 'char' requires a narrowing conversion
C:\Users\urhgte\Desktop\kernel\kernel-driver-PTE-HOOK-PIDDB-read-write-CleanAllTraces--main\kulzlx dirver\hook.cpp(21,28): warning C4838: conversion from 'int' to 'char' requires a narrowing conversion
C:\Users\urhgte\Desktop\kernel\kernel-driver-PTE-HOOK-PIDDB-read-write-CleanAllTraces--main\kulzlx dirver\hook.cpp(21,45): warning C4838: conversion from 'int' to 'char' requires a narrowing conversion
C:\Users\urhgte\Desktop\kernel\kernel-driver-PTE-HOOK-PIDDB-read-write-CleanAllTraces--main\kulzlx dirver\hook.cpp(21,62): warning C4838: conversion from 'int' to 'char' requires a narrowing conversion
C:\Users\urhgte\Desktop\kernel\kernel-driver-PTE-HOOK-PIDDB-read-write-CleanAllTraces--main\kulzlx dirver\hook.cpp(21,79): warning C4838: conversion from 'int' to 'char' requires a narrowing conversion
C:\Users\urhgte\Desktop\kernel\kernel-driver-PTE-HOOK-PIDDB-read-write-CleanAllTraces--main\kulzlx dirver\hook.cpp(22,11): warning C4838: conversion from 'int' to 'char' requires a narrowing conversion
C:\Users\urhgte\Desktop\kernel\kernel-driver-PTE-HOOK-PIDDB-read-write-CleanAllTraces--main\kulzlx dirver\hook.cpp(22,28): warning C4838: conversion from 'int' to 'char' requires a narrowing conversion
C:\Users\urhgte\Desktop\kernel\kernel-driver-PTE-HOOK-PIDDB-read-write-CleanAllTraces--main\kulzlx dirver\hook.cpp(22,45): warning C4838: conversion from 'int' to 'char' requires a narrowing conversion
C:\Users\urhgte\Desktop\kernel\kernel-driver-PTE-HOOK-PIDDB-read-write-CleanAllTraces--main\kulzlx dirver\hook.cpp(22,62): warning C4838: conversion from 'int' to 'char' requires a narrowing conversion
C:\Users\urhgte\Desktop\kernel\kernel-driver-PTE-HOOK-PIDDB-read-write-CleanAllTraces--main\kulzlx dirver\hook.cpp(22,79): warning C4838: conversion from 'int' to 'char' requires a narrowing conversion
C:\Users\urhgte\Desktop\kernel\kernel-driver-PTE-HOOK-PIDDB-read-write-CleanAllTraces--main\kulzlx dirver\hook.cpp(23,11): warning C4838: conversion from 'int' to 'char' requires a narrowing conversion
C:\Users\urhgte\Desktop\kernel\kernel-driver-PTE-HOOK-PIDDB-read-write-CleanAllTraces--main\kulzlx dirver\hook.cpp(23,28): warning C4838: conversion from 'int' to 'char' requires a narrowing conversion
C:\Users\urhgte\Desktop\kernel\kernel-driver-PTE-HOOK-PIDDB-read-write-CleanAllTraces--main\kulzlx dirver\hook.cpp(23,45): warning C4838: conversion from 'int' to 'char' requires a narrowing conversion
C:\Users\urhgte\Desktop\kernel\kernel-driver-PTE-HOOK-PIDDB-read-write-CleanAllTraces--main\kulzlx dirver\hook.cpp(23,62): warning C4838: conversion from 'int' to 'char' requires a narrowing conversion
C:\Users\urhgte\Desktop\kernel\kernel-driver-PTE-HOOK-PIDDB-read-write-CleanAllTraces--main\kulzlx dirver\hook.cpp(23,79): warning C4838: conversion from 'int' to 'char' requires a narrowing conversion
C:\Users\urhgte\Desktop\kernel\kernel-driver-PTE-HOOK-PIDDB-read-write-CleanAllTraces--main\kulzlx dirver\hook.cpp(24,12): warning C4838: conversion from 'int' to 'char' requires a narrowing conversion
C:\Users\urhgte\Desktop\kernel\kernel-driver-PTE-HOOK-PIDDB-read-write-CleanAllTraces--main\kulzlx dirver\hook.cpp(171,23): warning C4996: 'ExAllocatePoolWithTag': ExAllocatePoolWithTag is deprecated, use ExAllocatePool2.
C:\Users\urhgte\Desktop\kernel\kernel-driver-PTE-HOOK-PIDDB-read-write-CleanAllTraces--main\kulzlx dirver\spoof_call.h(115,13): warning C4505: 'DisposeRelay': unreferenced function with internal linkage has been removed
  (compiling source file 'hook.cpp')
  
C:\Users\urhgte\Desktop\kernel\kernel-driver-PTE-HOOK-PIDDB-read-write-CleanAllTraces--main\kulzlx dirver\physical_memory.h(103,17): warning C4505: 'WritePhysical': unreferenced function with internal linkage has been removed
  (compiling source file 'hook.cpp')
  
C:\Users\urhgte\Desktop\kernel\kernel-driver-PTE-HOOK-PIDDB-read-write-CleanAllTraces--main\kulzlx dirver\pte_hook.h(244,13): warning C4505: 'RemovePageRedirect': unreferenced function with internal linkage has been removed
  (compiling source file 'hook.cpp')
  
  mapper.cpp
C:\Users\urhgte\Desktop\kernel\kernel-driver-PTE-HOOK-PIDDB-read-write-CleanAllTraces--main\kulzlx dirver\mapper.cpp(24,11): warning C4838: conversion from 'int' to 'char' requires a narrowing conversion
C:\Users\urhgte\Desktop\kernel\kernel-driver-PTE-HOOK-PIDDB-read-write-CleanAllTraces--main\kulzlx dirver\mapper.cpp(24,29): warning C4838: conversion from 'int' to 'char' requires a narrowing conversion
C:\Users\urhgte\Desktop\kernel\kernel-driver-PTE-HOOK-PIDDB-read-write-CleanAllTraces--main\kulzlx dirver\mapper.cpp(24,47): warning C4838: conversion from 'int' to 'char' requires a narrowing conversion
C:\Users\urhgte\Desktop\kernel\kernel-driver-PTE-HOOK-PIDDB-read-write-CleanAllTraces--main\kulzlx dirver\mapper.cpp(24,65): warning C4838: conversion from 'int' to 'char' requires a narrowing conversion
C:\Users\urhgte\Desktop\kernel\kernel-driver-PTE-HOOK-PIDDB-read-write-CleanAllTraces--main\kulzlx dirver\mapper.cpp(25,11): warning C4838: conversion from 'int' to 'char' requires a narrowing conversion
C:\Users\urhgte\Desktop\kernel\kernel-driver-PTE-HOOK-PIDDB-read-write-CleanAllTraces--main\kulzlx dirver\mapper.cpp(25,29): warning C4838: conversion from 'int' to 'char' requires a narrowing conversion
C:\Users\urhgte\Desktop\kernel\kernel-driver-PTE-HOOK-PIDDB-read-write-CleanAllTraces--main\kulzlx dirver\mapper.cpp(25,47): warning C4838: conversion from 'int' to 'char' requires a narrowing conversion
C:\Users\urhgte\Desktop\kernel\kernel-driver-PTE-HOOK-PIDDB-read-write-CleanAllTraces--main\kulzlx dirver\mapper.cpp(25,65): warning C4838: conversion from 'int' to 'char' requires a narrowing conversion
C:\Users\urhgte\Desktop\kernel\kernel-driver-PTE-HOOK-PIDDB-read-write-CleanAllTraces--main\kulzlx dirver\mapper.cpp(26,11): warning C4838: conversion from 'int' to 'char' requires a narrowing conversion
C:\Users\urhgte\Desktop\kernel\kernel-driver-PTE-HOOK-PIDDB-read-write-CleanAllTraces--main\kulzlx dirver\mapper.cpp(26,29): warning C4838: conversion from 'int' to 'char' requires a narrowing conversion
C:\Users\urhgte\Desktop\kernel\kernel-driver-PTE-HOOK-PIDDB-read-write-CleanAllTraces--main\kulzlx dirver\mapper.cpp(26,47): warning C4838: conversion from 'int' to 'char' requires a narrowing conversion
C:\Users\urhgte\Desktop\kernel\kernel-driver-PTE-HOOK-PIDDB-read-write-CleanAllTraces--main\kulzlx dirver\mapper.cpp(26,65): warning C4838: conversion from 'int' to 'char' requires a narrowing conversion
C:\Users\urhgte\Desktop\kernel\kernel-driver-PTE-HOOK-PIDDB-read-write-CleanAllTraces--main\kulzlx dirver\mapper.cpp(27,12): warning C4838: conversion from 'int' to 'char' requires a narrowing conversion
C:\Users\urhgte\Desktop\kernel\kernel-driver-PTE-HOOK-PIDDB-read-write-CleanAllTraces--main\kulzlx dirver\mapper.cpp(31,11): warning C4838: conversion from 'int' to 'char' requires a narrowing conversion
C:\Users\urhgte\Desktop\kernel\kernel-driver-PTE-HOOK-PIDDB-read-write-CleanAllTraces--main\kulzlx dirver\mapper.cpp(31,29): warning C4838: conversion from 'int' to 'char' requires a narrowing conversion
C:\Users\urhgte\Desktop\kernel\kernel-driver-PTE-HOOK-PIDDB-read-write-CleanAllTraces--main\kulzlx dirver\mapper.cpp(31,47): warning C4838: conversion from 'int' to 'char' requires a narrowing conversion
C:\Users\urhgte\Desktop\kernel\kernel-driver-PTE-HOOK-PIDDB-read-write-CleanAllTraces--main\kulzlx dirver\mapper.cpp(31,65): warning C4838: conversion from 'int' to 'char' requires a narrowing conversion
C:\Users\urhgte\Desktop\kernel\kernel-driver-PTE-HOOK-PIDDB-read-write-CleanAllTraces--main\kulzlx dirver\mapper.cpp(32,11): warning C4838: conversion from 'int' to 'char' requires a narrowing conversion
C:\Users\urhgte\Desktop\kernel\kernel-driver-PTE-HOOK-PIDDB-read-write-CleanAllTraces--main\kulzlx dirver\mapper.cpp(32,29): warning C4838: conversion from 'int' to 'char' requires a narrowing conversion
C:\Users\urhgte\Desktop\kernel\kernel-driver-PTE-HOOK-PIDDB-read-write-CleanAllTraces--main\kulzlx dirver\mapper.cpp(32,47): warning C4838: conversion from 'int' to 'char' requires a narrowing conversion
C:\Users\urhgte\Desktop\kernel\kernel-driver-PTE-HOOK-PIDDB-read-write-CleanAllTraces--main\kulzlx dirver\mapper.cpp(32,65): warning C4838: conversion from 'int' to 'char' requires a narrowing conversion
C:\Users\urhgte\Desktop\kernel\kernel-driver-PTE-HOOK-PIDDB-read-write-CleanAllTraces--main\kulzlx dirver\mapper.cpp(33,11): warning C4838: conversion from 'int' to 'char' requires a narrowing conversion
C:\Users\urhgte\Desktop\kernel\kernel-driver-PTE-HOOK-PIDDB-read-write-CleanAllTraces--main\kulzlx dirver\mapper.cpp(33,29): warning C4838: conversion from 'int' to 'char' requires a narrowing conversion
C:\Users\urhgte\Desktop\kernel\kernel-driver-PTE-HOOK-PIDDB-read-write-CleanAllTraces--main\kulzlx dirver\mapper.cpp(33,47): warning C4838: conversion from 'int' to 'char' requires a narrowing conversion
C:\Users\urhgte\Desktop\kernel\kernel-driver-PTE-HOOK-PIDDB-read-write-CleanAllTraces--main\kulzlx dirver\mapper.cpp(33,65): warning C4838: conversion from 'int' to 'char' requires a narrowing conversion
C:\Users\urhgte\Desktop\kernel\kernel-driver-PTE-HOOK-PIDDB-read-write-CleanAllTraces--main\kulzlx dirver\mapper.cpp(34,11): warning C4838: conversion from 'int' to 'char' requires a narrowing conversion
C:\Users\urhgte\Desktop\kernel\kernel-driver-PTE-HOOK-PIDDB-read-write-CleanAllTraces--main\kulzlx dirver\mapper.cpp(34,29): warning C4838: conversion from 'int' to 'char' requires a narrowing conversion
C:\Users\urhgte\Desktop\kernel\kernel-driver-PTE-HOOK-PIDDB-read-write-CleanAllTraces--main\kulzlx dirver\mapper.cpp(34,47): warning C4838: conversion from 'int' to 'char' requires a narrowing conversion
C:\Users\urhgte\Desktop\kernel\kernel-driver-PTE-HOOK-PIDDB-read-write-CleanAllTraces--main\kulzlx dirver\mapper.cpp(34,65): warning C4838: conversion from 'int' to 'char' requires a narrowing conversion
C:\Users\urhgte\Desktop\kernel\kernel-driver-PTE-HOOK-PIDDB-read-write-CleanAllTraces--main\kulzlx dirver\mapper.cpp(35,11): warning C4838: conversion from 'int' to 'char' requires a narrowing conversion
C:\Users\urhgte\Desktop\kernel\kernel-driver-PTE-HOOK-PIDDB-read-write-CleanAllTraces--main\kulzlx dirver\mapper.cpp(35,29): warning C4838: conversion from 'int' to 'char' requires a narrowing conversion
C:\Users\urhgte\Desktop\kernel\kernel-driver-PTE-HOOK-PIDDB-read-write-CleanAllTraces--main\kulzlx dirver\mapper.cpp(35,47): warning C4838: conversion from 'int' to 'char' requires a narrowing conversion
C:\Users\urhgte\Desktop\kernel\kernel-driver-PTE-HOOK-PIDDB-read-write-CleanAllTraces--main\kulzlx dirver\mapper.cpp(35,65): warning C4838: conversion from 'int' to 'char' requires a narrowing conversion
C:\Users\urhgte\Desktop\kernel\kernel-driver-PTE-HOOK-PIDDB-read-write-CleanAllTraces--main\kulzlx dirver\mapper.cpp(36,11): warning C4838: conversion from 'int' to 'char' requires a narrowing conversion
C:\Users\urhgte\Desktop\kernel\kernel-driver-PTE-HOOK-PIDDB-read-write-CleanAllTraces--main\kulzlx dirver\mapper.cpp(36,29): warning C4838: conversion from 'int' to 'char' requires a narrowing conversion
C:\Users\urhgte\Desktop\kernel\kernel-driver-PTE-HOOK-PIDDB-read-write-CleanAllTraces--main\kulzlx dirver\mapper.cpp(36,47): warning C4838: conversion from 'int' to 'char' requires a narrowing conversion
C:\Users\urhgte\Desktop\kernel\kernel-driver-PTE-HOOK-PIDDB-read-write-CleanAllTraces--main\kulzlx dirver\mapper.cpp(36,65): warning C4838: conversion from 'int' to 'char' requires a narrowing conversion
C:\Users\urhgte\Desktop\kernel\kernel-driver-PTE-HOOK-PIDDB-read-write-CleanAllTraces--main\kulzlx dirver\mapper.cpp(37,11): warning C4838: conversion from 'int' to 'char' requires a narrowing conversion
C:\Users\urhgte\Desktop\kernel\kernel-driver-PTE-HOOK-PIDDB-read-write-CleanAllTraces--main\kulzlx dirver\mapper.cpp(37,29): warning C4838: conversion from 'int' to 'char' requires a narrowing conversion
C:\Users\urhgte\Desktop\kernel\kernel-driver-PTE-HOOK-PIDDB-read-write-CleanAllTraces--main\kulzlx dirver\mapper.cpp(37,48): warning C4838: conversion from 'int' to 'char' requires a narrowing conversion
C:\Users\urhgte\Desktop\kernel\kernel-driver-PTE-HOOK-PIDDB-read-write-CleanAllTraces--main\kulzlx dirver\mapper.cpp(41,11): warning C4838: conversion from 'int' to 'char' requires a narrowing conversion
C:\Users\urhgte\Desktop\kernel\kernel-driver-PTE-HOOK-PIDDB-read-write-CleanAllTraces--main\kulzlx dirver\mapper.cpp(41,29): warning C4838: conversion from 'int' to 'char' requires a narrowing conversion
C:\Users\urhgte\Desktop\kernel\kernel-driver-PTE-HOOK-PIDDB-read-write-CleanAllTraces--main\kulzlx dirver\mapper.cpp(41,47): warning C4838: conversion from 'int' to 'char' requires a narrowing conversion
C:\Users\urhgte\Desktop\kernel\kernel-driver-PTE-HOOK-PIDDB-read-write-CleanAllTraces--main\kulzlx dirver\mapper.cpp(41,65): warning C4838: conversion from 'int' to 'char' requires a narrowing conversion
C:\Users\urhgte\Desktop\kernel\kernel-driver-PTE-HOOK-PIDDB-read-write-CleanAllTraces--main\kulzlx dirver\mapper.cpp(42,11): warning C4838: conversion from 'int' to 'char' requires a narrowing conversion
C:\Users\urhgte\Desktop\kernel\kernel-driver-PTE-HOOK-PIDDB-read-write-CleanAllTraces--main\kulzlx dirver\mapper.cpp(42,29): warning C4838: conversion from 'int' to 'char' requires a narrowing conversion
C:\Users\urhgte\Desktop\kernel\kernel-driver-PTE-HOOK-PIDDB-read-write-CleanAllTraces--main\kulzlx dirver\mapper.cpp(42,47): warning C4838: conversion from 'int' to 'char' requires a narrowing conversion
C:\Users\urhgte\Desktop\kernel\kernel-driver-PTE-HOOK-PIDDB-read-write-CleanAllTraces--main\kulzlx dirver\mapper.cpp(42,65): warning C4838: conversion from 'int' to 'char' requires a narrowing conversion
C:\Users\urhgte\Desktop\kernel\kernel-driver-PTE-HOOK-PIDDB-read-write-CleanAllTraces--main\kulzlx dirver\mapper.cpp(43,11): warning C4838: conversion from 'int' to 'char' requires a narrowing conversion
C:\Users\urhgte\Desktop\kernel\kernel-driver-PTE-HOOK-PIDDB-read-write-CleanAllTraces--main\kulzlx dirver\mapper.cpp(43,29): warning C4838: conversion from 'int' to 'char' requires a narrowing conversion
C:\Users\urhgte\Desktop\kernel\kernel-driver-PTE-HOOK-PIDDB-read-write-CleanAllTraces--main\kulzlx dirver\mapper.cpp(43,47): warning C4838: conversion from 'int' to 'char' requires a narrowing conversion
C:\Users\urhgte\Desktop\kernel\kernel-driver-PTE-HOOK-PIDDB-read-write-CleanAllTraces--main\kulzlx dirver\mapper.cpp(43,65): warning C4838: conversion from 'int' to 'char' requires a narrowing conversion
C:\Users\urhgte\Desktop\kernel\kernel-driver-PTE-HOOK-PIDDB-read-write-CleanAllTraces--main\kulzlx dirver\mapper.cpp(44,11): warning C4838: conversion from 'int' to 'char' requires a narrowing conversion
C:\Users\urhgte\Desktop\kernel\kernel-driver-PTE-HOOK-PIDDB-read-write-CleanAllTraces--main\kulzlx dirver\mapper.cpp(44,29): warning C4838: conversion from 'int' to 'char' requires a narrowing conversion
C:\Users\urhgte\Desktop\kernel\kernel-driver-PTE-HOOK-PIDDB-read-write-CleanAllTraces--main\kulzlx dirver\mapper.cpp(44,47): warning C4838: conversion from 'int' to 'char' requires a narrowing conversion
C:\Users\urhgte\Desktop\kernel\kernel-driver-PTE-HOOK-PIDDB-read-write-CleanAllTraces--main\kulzlx dirver\mapper.cpp(44,65): warning C4838: conversion from 'int' to 'char' requires a narrowing conversion
C:\Users\urhgte\Desktop\kernel\kernel-driver-PTE-HOOK-PIDDB-read-write-CleanAllTraces--main\kulzlx dirver\mapper.cpp(45,11): warning C4838: conversion from 'int' to 'char' requires a narrowing conversion
C:\Users\urhgte\Desktop\kernel\kernel-driver-PTE-HOOK-PIDDB-read-write-CleanAllTraces--main\kulzlx dirver\mapper.cpp(45,29): warning C4838: conversion from 'int' to 'char' requires a narrowing conversion
C:\Users\urhgte\Desktop\kernel\kernel-driver-PTE-HOOK-PIDDB-read-write-CleanAllTraces--main\kulzlx dirver\mapper.cpp(45,47): warning C4838: conversion from 'int' to 'char' requires a narrowing conversion
C:\Users\urhgte\Desktop\kernel\kernel-driver-PTE-HOOK-PIDDB-read-write-CleanAllTraces--main\kulzlx dirver\mapper.cpp(45,65): warning C4838: conversion from 'int' to 'char' requires a narrowing conversion
C:\Users\urhgte\Desktop\kernel\kernel-driver-PTE-HOOK-PIDDB-read-write-CleanAllTraces--main\kulzlx dirver\mapper.cpp(46,11): warning C4838: conversion from 'int' to 'char' requires a narrowing conversion
C:\Users\urhgte\Desktop\kernel\kernel-driver-PTE-HOOK-PIDDB-read-write-CleanAllTraces--main\kulzlx dirver\mapper.cpp(46,29): warning C4838: conversion from 'int' to 'char' requires a narrowing conversion
C:\Users\urhgte\Desktop\kernel\kernel-driver-PTE-HOOK-PIDDB-read-write-CleanAllTraces--main\kulzlx dirver\mapper.cpp(46,48): warning C4838: conversion from 'int' to 'char' requires a narrowing conversion
C:\Users\urhgte\Desktop\kernel\kernel-driver-PTE-HOOK-PIDDB-read-write-CleanAllTraces--main\kulzlx dirver\mapper.cpp(74,15): warning C4996: 'ExAllocatePoolWithTag': ExAllocatePoolWithTag is deprecated, use ExAllocatePool2.
  memory.cpp
C:\Users\urhgte\Desktop\kernel\kernel-driver-PTE-HOOK-PIDDB-read-write-CleanAllTraces--main\kulzlx dirver\memory.cpp(10,48): warning C4996: 'ExAllocatePoolWithTag': ExAllocatePoolWithTag is deprecated, use ExAllocatePool2.
  Generating Code...
  kulzlx.vcxproj -> C:\Users\urhgte\Desktop\kernel\kernel-driver-PTE-HOOK-PIDDB-read-write-CleanAllTraces--main\kulzlx dirver\x64\Release\driver.sys
  Inf2Cat task was skipped as there were no inf files to process
  
  DrvCat task was skipped as there was no catalog file to process
  
